<?xml version="1.0" encoding="UTF-8"?>
<robot generator="Robot 4.1.2 (Python 3.8.10 on linux)" generated="20211027 23:04:06.958" rpa="false" schemaversion="2">
<suite id="s1" name="1" source="/home/mohamed/PycharmProjects/rebote_frameworck/1.robot">
<test id="s1-t1" name="example 1">
<kw name="Log" library="BuiltIn">
<arg>%{PATH}</arg>
<doc>Logs the given message with the given level.</doc>
<msg timestamp="20211027 23:04:07.121" level="INFO">/home/mohamed/.local/bin:/usr/local/sbin:/usr/local/bin:/usr/sbin:/usr/bin:/sbin:/bin:/usr/games:/usr/local/games:/snap/bin</msg>
<status status="PASS" starttime="20211027 23:04:07.121" endtime="20211027 23:04:07.122"/>
</kw>
<kw name="Append To Environment Variable" library="OperatingSystem">
<arg>PATH</arg>
<arg>/home/mohamed/Documents</arg>
<doc>Appends given ``values`` to environment variable ``name``.</doc>
<msg timestamp="20211027 23:04:07.122" level="INFO">Environment variable 'PATH' set to value '/home/mohamed/.local/bin:/usr/local/sbin:/usr/local/bin:/usr/sbin:/usr/bin:/sbin:/bin:/usr/games:/usr/local/games:/snap/bin:/home/mohamed/Documents'.</msg>
<status status="PASS" starttime="20211027 23:04:07.122" endtime="20211027 23:04:07.122"/>
</kw>
<kw name="Log" library="BuiltIn">
<arg>%{PATH}</arg>
<doc>Logs the given message with the given level.</doc>
<msg timestamp="20211027 23:04:07.122" level="INFO">/home/mohamed/.local/bin:/usr/local/sbin:/usr/local/bin:/usr/sbin:/usr/bin:/sbin:/bin:/usr/games:/usr/local/games:/snap/bin:/home/mohamed/Documents</msg>
<status status="PASS" starttime="20211027 23:04:07.122" endtime="20211027 23:04:07.122"/>
</kw>
<kw name="Open Browser" library="SeleniumLibrary">
<arg>https://www.google.com</arg>
<arg>browser=chrome</arg>
<doc>Opens a new browser instance to the optional ``url``.</doc>
<msg timestamp="20211027 23:04:07.123" level="INFO">Opening browser 'chrome' to base url 'https://www.google.com'.</msg>
<status status="PASS" starttime="20211027 23:04:07.123" endtime="20211027 23:04:10.680"/>
</kw>
<kw name="Close All Browsers" library="SeleniumLibrary">
<doc>Closes all open browsers and resets the browser cache.</doc>
<status status="PASS" starttime="20211027 23:04:10.681" endtime="20211027 23:04:10.740"/>
</kw>
<status status="PASS" starttime="20211027 23:04:07.120" endtime="20211027 23:04:10.741"/>
</test>
<test id="s1-t2" name="Add path to driver to &quot;Create Webdriver&quot; keyword">
<status status="FAIL" starttime="20211027 23:04:10.742" endtime="20211027 23:04:10.743">Test case contains no keywords.</status>
</test>
<test id="s1-t3" name="example 2">
<kw name="Create Webdriver" library="SeleniumLibrary">
<arg>Chrome</arg>
<arg>executable_path=/home/mohamed/Documents/chromedriver</arg>
<doc>Creates an instance of Selenium WebDriver.</doc>
<msg timestamp="20211027 23:04:10.745" level="INFO">Creating an instance of the Chrome WebDriver.</msg>
<status status="PASS" starttime="20211027 23:04:10.744" endtime="20211027 23:04:11.689"/>
</kw>
<kw name="Go To" library="SeleniumLibrary">
<arg>https://www.google.com</arg>
<doc>Navigates the current browser window to the provided ``url``.</doc>
<msg timestamp="20211027 23:04:11.690" level="INFO">Opening url 'https://www.google.com'</msg>
<status status="PASS" starttime="20211027 23:04:11.689" endtime="20211027 23:04:14.263"/>
</kw>
<kw name="Close All Browsers" library="SeleniumLibrary">
<doc>Closes all open browsers and resets the browser cache.</doc>
<status status="PASS" starttime="20211027 23:04:14.263" endtime="20211027 23:04:14.323"/>
</kw>
<status status="PASS" starttime="20211027 23:04:10.743" endtime="20211027 23:04:14.324"/>
</test>
<status status="FAIL" starttime="20211027 23:04:06.959" endtime="20211027 23:04:14.325"/>
</suite>
<statistics>
<total>
<stat pass="2" fail="1" skip="0">All Tests</stat>
</total>
<tag>
</tag>
<suite>
<stat pass="2" fail="1" skip="0" id="s1" name="1">1</stat>
</suite>
</statistics>
<errors>
</errors>
</robot>
